2023-04-20 07:15:15,022 INFO org.hibernate.validator.internal.util.Version [background-preinit] HV000001: Hibernate Validator 6.2.5.Final
2023-04-20 07:15:15,024 INFO org.springframework.boot.StartupInfoLogger [restartedMain] Starting ToxifyouApplication using Java 17.0.4 on DESKTOP-4QOGTQH with PID 9348 (C:\Users\vatan\Desktop\Bitirme Projesi\toxifyou\toxifyou\target\classes started by vatan in C:\Users\vatan\Desktop\Bitirme Projesi\toxifyou\toxifyou)
2023-04-20 07:15:15,024 DEBUG org.springframework.boot.StartupInfoLogger [restartedMain] Running with Spring Boot v2.7.4, Spring v5.3.23
2023-04-20 07:15:15,026 INFO org.springframework.boot.SpringApplication [restartedMain] No active profile set, falling back to 1 default profile: "default"
2023-04-20 07:15:15,073 INFO org.springframework.boot.logging.DeferredLog [restartedMain] Devtools property defaults active! Set 'spring.devtools.add-properties' to 'false' to disable
2023-04-20 07:15:15,074 INFO org.springframework.boot.logging.DeferredLog [restartedMain] For additional web related logging consider setting the 'logging.level.web' property to 'DEBUG'
2023-04-20 07:15:15,923 INFO org.springframework.data.repository.config.RepositoryConfigurationDelegate [restartedMain] Bootstrapping Spring Data JPA repositories in DEFAULT mode.
2023-04-20 07:15:16,010 INFO org.springframework.data.repository.config.RepositoryConfigurationDelegate [restartedMain] Finished Spring Data repository scanning in 76 ms. Found 2 JPA repository interfaces.
2023-04-20 07:15:16,733 INFO org.springframework.boot.web.embedded.tomcat.TomcatWebServer [restartedMain] Tomcat initialized with port(s): 8090 (http)
2023-04-20 07:15:16,743 INFO org.apache.juli.logging.DirectJDKLog [restartedMain] Initializing ProtocolHandler ["http-nio-8090"]
2023-04-20 07:15:16,744 INFO org.apache.juli.logging.DirectJDKLog [restartedMain] Starting service [Tomcat]
2023-04-20 07:15:16,744 INFO org.apache.juli.logging.DirectJDKLog [restartedMain] Starting Servlet engine: [Apache Tomcat/9.0.65]
2023-04-20 07:15:16,842 INFO org.apache.juli.logging.DirectJDKLog [restartedMain] Initializing Spring embedded WebApplicationContext
2023-04-20 07:15:16,843 INFO org.springframework.boot.web.servlet.context.ServletWebServerApplicationContext [restartedMain] Root WebApplicationContext: initialization completed in 1768 ms
2023-04-20 07:15:17,009 INFO org.hibernate.jpa.internal.util.LogHelper [restartedMain] HHH000204: Processing PersistenceUnitInfo [name: default]
2023-04-20 07:15:17,064 INFO org.hibernate.Version [restartedMain] HHH000412: Hibernate ORM core version 5.6.11.Final
2023-04-20 07:15:17,193 INFO org.hibernate.annotations.common.reflection.java.JavaReflectionManager [restartedMain] HCANN000001: Hibernate Commons Annotations {5.1.2.Final}
2023-04-20 07:15:17,286 INFO com.zaxxer.hikari.HikariDataSource [restartedMain] HikariPool-1 - Starting...
2023-04-20 07:15:17,424 INFO com.zaxxer.hikari.HikariDataSource [restartedMain] HikariPool-1 - Start completed.
2023-04-20 07:15:17,439 INFO org.hibernate.dialect.Dialect [restartedMain] HHH000400: Using dialect: org.hibernate.dialect.PostgreSQLDialect
2023-04-20 07:15:17,978 INFO org.hibernate.engine.transaction.jta.platform.internal.JtaPlatformInitiator [restartedMain] HHH000490: Using JtaPlatform implementation: [org.hibernate.engine.transaction.jta.platform.internal.NoJtaPlatform]
2023-04-20 07:15:17,985 INFO org.springframework.orm.jpa.AbstractEntityManagerFactoryBean [restartedMain] Initialized JPA EntityManagerFactory for persistence unit 'default'
2023-04-20 07:15:18,577 INFO org.springframework.security.web.DefaultSecurityFilterChain [restartedMain] Will secure any request with [org.springframework.security.web.session.DisableEncodeUrlFilter@11c2104c, org.springframework.security.web.context.request.async.WebAsyncManagerIntegrationFilter@28a212f5, org.springframework.security.web.context.SecurityContextPersistenceFilter@6a66907c, org.springframework.security.web.header.HeaderWriterFilter@72d83760, org.springframework.security.web.authentication.logout.LogoutFilter@252a07d3, org.springframework.security.web.authentication.www.BasicAuthenticationFilter@4e54f843, org.springframework.security.web.savedrequest.RequestCacheAwareFilter@1db17d, org.springframework.security.web.servletapi.SecurityContextHolderAwareRequestFilter@215e9bb2, org.springframework.security.web.authentication.AnonymousAuthenticationFilter@3d408b23, org.springframework.security.web.session.SessionManagementFilter@486affa0, org.springframework.security.web.access.ExceptionTranslationFilter@20bfead9, org.springframework.security.web.access.intercept.FilterSecurityInterceptor@39da3174]
2023-04-20 07:15:18,630 WARN org.springframework.boot.autoconfigure.orm.jpa.JpaBaseConfiguration$JpaWebConfiguration [restartedMain] spring.jpa.open-in-view is enabled by default. Therefore, database queries may be performed during view rendering. Explicitly configure spring.jpa.open-in-view to disable this warning
2023-04-20 07:15:18,964 INFO org.springframework.boot.devtools.autoconfigure.OptionalLiveReloadServer [restartedMain] LiveReload server is running on port 35729
2023-04-20 07:15:18,983 INFO org.apache.juli.logging.DirectJDKLog [restartedMain] Starting ProtocolHandler ["http-nio-8090"]
2023-04-20 07:15:19,002 INFO org.springframework.boot.web.embedded.tomcat.TomcatWebServer [restartedMain] Tomcat started on port(s): 8090 (http) with context path ''
2023-04-20 07:15:19,013 INFO org.springframework.boot.StartupInfoLogger [restartedMain] Started ToxifyouApplication in 4.453 seconds (JVM running for 5.246)
2023-04-20 07:15:44,366 INFO org.springframework.orm.jpa.AbstractEntityManagerFactoryBean [SpringApplicationShutdownHook] Closing JPA EntityManagerFactory for persistence unit 'default'
2023-04-20 07:15:44,368 INFO com.zaxxer.hikari.HikariDataSource [SpringApplicationShutdownHook] HikariPool-1 - Shutdown initiated...
2023-04-20 07:15:44,373 INFO com.zaxxer.hikari.HikariDataSource [SpringApplicationShutdownHook] HikariPool-1 - Shutdown completed.
2023-04-20 07:16:00,761 INFO org.springframework.boot.StartupInfoLogger [restartedMain] Starting ToxifyouApplication using Java 17.0.4 on DESKTOP-4QOGTQH with PID 11312 (C:\Users\vatan\Desktop\Bitirme Projesi\toxifyou\toxifyou\target\classes started by vatan in C:\Users\vatan\Desktop\Bitirme Projesi\toxifyou\toxifyou)
2023-04-20 07:16:00,763 DEBUG org.springframework.boot.StartupInfoLogger [restartedMain] Running with Spring Boot v2.7.4, Spring v5.3.23
2023-04-20 07:16:00,763 INFO org.hibernate.validator.internal.util.Version [background-preinit] HV000001: Hibernate Validator 6.2.5.Final
2023-04-20 07:16:00,764 INFO org.springframework.boot.SpringApplication [restartedMain] No active profile set, falling back to 1 default profile: "default"
2023-04-20 07:16:00,818 INFO org.springframework.boot.logging.DeferredLog [restartedMain] Devtools property defaults active! Set 'spring.devtools.add-properties' to 'false' to disable
2023-04-20 07:16:00,819 INFO org.springframework.boot.logging.DeferredLog [restartedMain] For additional web related logging consider setting the 'logging.level.web' property to 'DEBUG'
2023-04-20 07:16:01,616 INFO org.springframework.data.repository.config.RepositoryConfigurationDelegate [restartedMain] Bootstrapping Spring Data JPA repositories in DEFAULT mode.
2023-04-20 07:16:01,678 INFO org.springframework.data.repository.config.RepositoryConfigurationDelegate [restartedMain] Finished Spring Data repository scanning in 54 ms. Found 2 JPA repository interfaces.
2023-04-20 07:16:02,275 INFO org.springframework.boot.web.embedded.tomcat.TomcatWebServer [restartedMain] Tomcat initialized with port(s): 8090 (http)
2023-04-20 07:16:02,282 INFO org.apache.juli.logging.DirectJDKLog [restartedMain] Initializing ProtocolHandler ["http-nio-8090"]
2023-04-20 07:16:02,283 INFO org.apache.juli.logging.DirectJDKLog [restartedMain] Starting service [Tomcat]
2023-04-20 07:16:02,283 INFO org.apache.juli.logging.DirectJDKLog [restartedMain] Starting Servlet engine: [Apache Tomcat/9.0.65]
2023-04-20 07:16:02,356 INFO org.apache.juli.logging.DirectJDKLog [restartedMain] Initializing Spring embedded WebApplicationContext
2023-04-20 07:16:02,357 INFO org.springframework.boot.web.servlet.context.ServletWebServerApplicationContext [restartedMain] Root WebApplicationContext: initialization completed in 1537 ms
2023-04-20 07:16:02,486 INFO org.hibernate.jpa.internal.util.LogHelper [restartedMain] HHH000204: Processing PersistenceUnitInfo [name: default]
2023-04-20 07:16:02,527 INFO org.hibernate.Version [restartedMain] HHH000412: Hibernate ORM core version 5.6.11.Final
2023-04-20 07:16:02,628 INFO org.hibernate.annotations.common.reflection.java.JavaReflectionManager [restartedMain] HCANN000001: Hibernate Commons Annotations {5.1.2.Final}
2023-04-20 07:16:02,700 INFO com.zaxxer.hikari.HikariDataSource [restartedMain] HikariPool-1 - Starting...
2023-04-20 07:16:02,832 INFO com.zaxxer.hikari.HikariDataSource [restartedMain] HikariPool-1 - Start completed.
2023-04-20 07:16:02,847 INFO org.hibernate.dialect.Dialect [restartedMain] HHH000400: Using dialect: org.hibernate.dialect.PostgreSQLDialect
2023-04-20 07:16:03,394 INFO org.hibernate.engine.transaction.jta.platform.internal.JtaPlatformInitiator [restartedMain] HHH000490: Using JtaPlatform implementation: [org.hibernate.engine.transaction.jta.platform.internal.NoJtaPlatform]
2023-04-20 07:16:03,403 INFO org.springframework.orm.jpa.AbstractEntityManagerFactoryBean [restartedMain] Initialized JPA EntityManagerFactory for persistence unit 'default'
2023-04-20 07:16:04,004 INFO org.springframework.security.web.DefaultSecurityFilterChain [restartedMain] Will secure any request with [org.springframework.security.web.session.DisableEncodeUrlFilter@8226b2a, org.springframework.security.web.context.request.async.WebAsyncManagerIntegrationFilter@3b723a35, org.springframework.security.web.context.SecurityContextPersistenceFilter@2c920a68, org.springframework.security.web.header.HeaderWriterFilter@91422cf, org.springframework.security.web.authentication.logout.LogoutFilter@42bcf96e, org.springframework.security.web.authentication.www.BasicAuthenticationFilter@7e62959a, org.springframework.security.web.savedrequest.RequestCacheAwareFilter@55d53c8f, org.springframework.security.web.servletapi.SecurityContextHolderAwareRequestFilter@13144821, org.springframework.security.web.authentication.AnonymousAuthenticationFilter@1f42bfb5, org.springframework.security.web.session.SessionManagementFilter@6132fb50, org.springframework.security.web.access.ExceptionTranslationFilter@7f718bf9, org.springframework.security.web.access.intercept.FilterSecurityInterceptor@1a87ae05]
2023-04-20 07:16:04,066 WARN org.springframework.boot.autoconfigure.orm.jpa.JpaBaseConfiguration$JpaWebConfiguration [restartedMain] spring.jpa.open-in-view is enabled by default. Therefore, database queries may be performed during view rendering. Explicitly configure spring.jpa.open-in-view to disable this warning
2023-04-20 07:16:04,403 INFO org.springframework.boot.devtools.autoconfigure.OptionalLiveReloadServer [restartedMain] LiveReload server is running on port 35729
2023-04-20 07:16:04,421 INFO org.apache.juli.logging.DirectJDKLog [restartedMain] Starting ProtocolHandler ["http-nio-8090"]
2023-04-20 07:16:04,437 INFO org.springframework.boot.web.embedded.tomcat.TomcatWebServer [restartedMain] Tomcat started on port(s): 8090 (http) with context path ''
2023-04-20 07:16:04,449 INFO org.springframework.boot.StartupInfoLogger [restartedMain] Started ToxifyouApplication in 4.17 seconds (JVM running for 5.013)
2023-04-20 07:16:40,360 INFO org.springframework.orm.jpa.AbstractEntityManagerFactoryBean [SpringApplicationShutdownHook] Closing JPA EntityManagerFactory for persistence unit 'default'
2023-04-20 07:16:40,364 INFO com.zaxxer.hikari.HikariDataSource [SpringApplicationShutdownHook] HikariPool-1 - Shutdown initiated...
2023-04-20 07:16:40,374 INFO com.zaxxer.hikari.HikariDataSource [SpringApplicationShutdownHook] HikariPool-1 - Shutdown completed.
2023-04-20 07:16:42,776 INFO org.springframework.boot.StartupInfoLogger [restartedMain] Starting ToxifyouApplication using Java 17.0.4 on DESKTOP-4QOGTQH with PID 16668 (C:\Users\vatan\Desktop\Bitirme Projesi\toxifyou\toxifyou\target\classes started by vatan in C:\Users\vatan\Desktop\Bitirme Projesi\toxifyou\toxifyou)
2023-04-20 07:16:42,778 DEBUG org.springframework.boot.StartupInfoLogger [restartedMain] Running with Spring Boot v2.7.4, Spring v5.3.23
2023-04-20 07:16:42,778 INFO org.hibernate.validator.internal.util.Version [background-preinit] HV000001: Hibernate Validator 6.2.5.Final
2023-04-20 07:16:42,779 INFO org.springframework.boot.SpringApplication [restartedMain] No active profile set, falling back to 1 default profile: "default"
2023-04-20 07:16:42,831 INFO org.springframework.boot.logging.DeferredLog [restartedMain] Devtools property defaults active! Set 'spring.devtools.add-properties' to 'false' to disable
2023-04-20 07:16:42,831 INFO org.springframework.boot.logging.DeferredLog [restartedMain] For additional web related logging consider setting the 'logging.level.web' property to 'DEBUG'
2023-04-20 07:16:43,686 INFO org.springframework.data.repository.config.RepositoryConfigurationDelegate [restartedMain] Bootstrapping Spring Data JPA repositories in DEFAULT mode.
2023-04-20 07:16:43,775 INFO org.springframework.data.repository.config.RepositoryConfigurationDelegate [restartedMain] Finished Spring Data repository scanning in 78 ms. Found 2 JPA repository interfaces.
2023-04-20 07:16:44,515 INFO org.springframework.boot.web.embedded.tomcat.TomcatWebServer [restartedMain] Tomcat initialized with port(s): 8090 (http)
2023-04-20 07:16:44,525 INFO org.apache.juli.logging.DirectJDKLog [restartedMain] Initializing ProtocolHandler ["http-nio-8090"]
2023-04-20 07:16:44,525 INFO org.apache.juli.logging.DirectJDKLog [restartedMain] Starting service [Tomcat]
2023-04-20 07:16:44,526 INFO org.apache.juli.logging.DirectJDKLog [restartedMain] Starting Servlet engine: [Apache Tomcat/9.0.65]
2023-04-20 07:16:44,635 INFO org.apache.juli.logging.DirectJDKLog [restartedMain] Initializing Spring embedded WebApplicationContext
2023-04-20 07:16:44,636 INFO org.springframework.boot.web.servlet.context.ServletWebServerApplicationContext [restartedMain] Root WebApplicationContext: initialization completed in 1804 ms
2023-04-20 07:16:44,889 INFO org.hibernate.jpa.internal.util.LogHelper [restartedMain] HHH000204: Processing PersistenceUnitInfo [name: default]
2023-04-20 07:16:44,942 INFO org.hibernate.Version [restartedMain] HHH000412: Hibernate ORM core version 5.6.11.Final
2023-04-20 07:16:45,130 INFO org.hibernate.annotations.common.reflection.java.JavaReflectionManager [restartedMain] HCANN000001: Hibernate Commons Annotations {5.1.2.Final}
2023-04-20 07:16:45,242 INFO com.zaxxer.hikari.HikariDataSource [restartedMain] HikariPool-1 - Starting...
2023-04-20 07:16:45,435 INFO com.zaxxer.hikari.HikariDataSource [restartedMain] HikariPool-1 - Start completed.
2023-04-20 07:16:45,457 INFO org.hibernate.dialect.Dialect [restartedMain] HHH000400: Using dialect: org.hibernate.dialect.PostgreSQLDialect
2023-04-20 07:16:46,514 INFO org.hibernate.engine.transaction.jta.platform.internal.JtaPlatformInitiator [restartedMain] HHH000490: Using JtaPlatform implementation: [org.hibernate.engine.transaction.jta.platform.internal.NoJtaPlatform]
2023-04-20 07:16:46,523 INFO org.springframework.orm.jpa.AbstractEntityManagerFactoryBean [restartedMain] Initialized JPA EntityManagerFactory for persistence unit 'default'
2023-04-20 07:16:47,296 INFO org.springframework.security.web.DefaultSecurityFilterChain [restartedMain] Will secure any request with [org.springframework.security.web.session.DisableEncodeUrlFilter@4d93efb0, org.springframework.security.web.context.request.async.WebAsyncManagerIntegrationFilter@2a1f17d9, org.springframework.security.web.context.SecurityContextPersistenceFilter@252a07d3, org.springframework.security.web.header.HeaderWriterFilter@458f87a9, org.springframework.security.web.authentication.logout.LogoutFilter@27159d72, org.springframework.security.web.authentication.www.BasicAuthenticationFilter@2bbf9df8, org.springframework.security.web.savedrequest.RequestCacheAwareFilter@57714955, org.springframework.security.web.servletapi.SecurityContextHolderAwareRequestFilter@249c4c48, org.springframework.security.web.authentication.AnonymousAuthenticationFilter@1d569878, org.springframework.security.web.session.SessionManagementFilter@753595c1, org.springframework.security.web.access.ExceptionTranslationFilter@215e9bb2, org.springframework.security.web.access.intercept.FilterSecurityInterceptor@1fd963e1]
2023-04-20 07:16:47,373 WARN org.springframework.boot.autoconfigure.orm.jpa.JpaBaseConfiguration$JpaWebConfiguration [restartedMain] spring.jpa.open-in-view is enabled by default. Therefore, database queries may be performed during view rendering. Explicitly configure spring.jpa.open-in-view to disable this warning
2023-04-20 07:16:47,814 INFO org.springframework.boot.devtools.autoconfigure.OptionalLiveReloadServer [restartedMain] LiveReload server is running on port 35729
2023-04-20 07:16:47,839 INFO org.apache.juli.logging.DirectJDKLog [restartedMain] Starting ProtocolHandler ["http-nio-8090"]
2023-04-20 07:16:47,861 INFO org.springframework.boot.web.embedded.tomcat.TomcatWebServer [restartedMain] Tomcat started on port(s): 8090 (http) with context path ''
2023-04-20 07:16:47,875 INFO org.springframework.boot.StartupInfoLogger [restartedMain] Started ToxifyouApplication in 5.589 seconds (JVM running for 6.427)
2023-04-20 07:45:50,299 INFO org.springframework.orm.jpa.AbstractEntityManagerFactoryBean [SpringApplicationShutdownHook] Closing JPA EntityManagerFactory for persistence unit 'default'
2023-04-20 07:45:50,303 INFO com.zaxxer.hikari.HikariDataSource [SpringApplicationShutdownHook] HikariPool-1 - Shutdown initiated...
2023-04-20 07:45:50,306 INFO com.zaxxer.hikari.HikariDataSource [SpringApplicationShutdownHook] HikariPool-1 - Shutdown completed.
